  BootstrapperRccService.cpp
e:\boost\preprocessor\iteration\iterate.hpp(12): warning C4067: unexpected tokens following preprocessor directive - expected a newline
e:\boost\preprocessor\iteration\iterate.hpp(13): error C2008: '/': unexpected in macro definition
  Unknown compiler version - please run the configure tests and report the results
e:\boost\function.hpp(18): warning C4067: unexpected tokens following preprocessor directive - expected a newline
e:\boost\function.hpp(19): error C2008: ':': unexpected in macro definition
e:\boost\exception\exception.hpp(189): error C2332: 'class': missing tag name
e:\boost\exception\exception.hpp(189): error C2993: '': illegal type for non-type template parameter '<unnamed-tag>'
e:\boost\exception\exception.hpp(189): error C2059: syntax error: '/'
e:\boost\exception\exception.hpp(192): error C2332: 'class': missing tag name
e:\boost\exception\exception.hpp(192): error C2993: '': illegal type for non-type template parameter '<unnamed-tag>'
e:\boost\exception\exception.hpp(192): error C2059: syntax error: '/'
e:\boost\exception\exception.hpp(195): error C2332: 'class': missing tag name
e:\boost\exception\exception.hpp(195): error C2993: '': illegal type for non-type template parameter '<unnamed-tag>'
e:\boost\exception\exception.hpp(195): error C2059: syntax error: '/'
e:\boost\exception\exception.hpp(198): error C2332: 'class': missing tag name
e:\boost\exception\exception.hpp(198): error C2993: '': illegal type for non-type template parameter '<unnamed-tag>'
e:\boost\exception\exception.hpp(198): error C2059: syntax error: '/'
e:\boost\exception\exception.hpp(248): error C2332: 'class': missing tag name
e:\boost\exception\exception.hpp(248): error C2993: '': illegal type for non-type template parameter '<unnamed-tag>'
e:\boost\exception\exception.hpp(248): error C2059: syntax error: '/'
e:\boost\exception\exception.hpp(249): error C2039: 'set_info': is not a member of 'PREPROCESSOR_ITERATION_ITERATE_HPP::exception_detail'
  e:\boost\exception\exception.hpp(151): note: see declaration of 'PREPROCESSOR_ITERATION_ITERATE_HPP::exception_detail'
e:\boost\exception\exception.hpp(249): error C2238: unexpected token(s) preceding ';'
e:\boost\exception\exception.hpp(251): error C2332: 'class': missing tag name
e:\boost\exception\exception.hpp(251): error C2993: '': illegal type for non-type template parameter '<unnamed-tag>'
e:\boost\exception\exception.hpp(251): error C2059: syntax error: '/'
e:\boost\exception\exception.hpp(252): error C2039: 'set_info': is not a member of 'PREPROCESSOR_ITERATION_ITERATE_HPP::exception_detail'
  e:\boost\exception\exception.hpp(151): note: see declaration of 'PREPROCESSOR_ITERATION_ITERATE_HPP::exception_detail'
e:\boost\exception\exception.hpp(252): error C2238: unexpected token(s) preceding ';'
e:\boost\exception\exception.hpp(254): error C2332: 'class': missing tag name
e:\boost\exception\exception.hpp(254): error C2993: '': illegal type for non-type template parameter '<unnamed-tag>'
e:\boost\exception\exception.hpp(254): error C2059: syntax error: '/'
e:\boost\exception\exception.hpp(255): error C2039: 'set_info': is not a member of 'PREPROCESSOR_ITERATION_ITERATE_HPP::exception_detail'
  e:\boost\exception\exception.hpp(151): note: see declaration of 'PREPROCESSOR_ITERATION_ITERATE_HPP::exception_detail'
e:\boost\exception\exception.hpp(255): error C2238: unexpected token(s) preceding ';'
e:\boost\exception\exception.hpp(257): error C2332: 'class': missing tag name
e:\boost\exception\exception.hpp(257): error C2993: '': illegal type for non-type template parameter '<unnamed-tag>'
e:\boost\exception\exception.hpp(257): error C2059: syntax error: '/'
e:\boost\exception\exception.hpp(258): error C2039: 'set_info': is not a member of 'PREPROCESSOR_ITERATION_ITERATE_HPP::exception_detail'
  e:\boost\exception\exception.hpp(151): note: see declaration of 'PREPROCESSOR_ITERATION_ITERATE_HPP::exception_detail'
e:\boost\exception\exception.hpp(258): error C2238: unexpected token(s) preceding ';'
e:\boost\exception\exception.hpp(260): error C2063: 'PREPROCESSOR_ITERATION_ITERATE_HPP::exception_detail::get_diagnostic_information': not a function
e:\boost\exception\exception.hpp(289): error C2332: 'class': missing tag name
e:\boost\exception\exception.hpp(289): error C2993: '': illegal type for non-type template parameter '<unnamed-tag>'
e:\boost\exception\exception.hpp(289): error C2059: syntax error: '/'
e:\boost\exception\exception.hpp(292): error C2143: syntax error: missing ';' before '{'
e:\boost\exception\exception.hpp(292): error C2447: '{': missing function header (old-style formal list?)
e:\boost\exception\exception.hpp(297): error C2332: 'class': missing tag name
e:\boost\exception\exception.hpp(297): error C2993: '': illegal type for non-type template parameter '<unnamed-tag>'
e:\boost\exception\exception.hpp(297): error C2059: syntax error: '/'
e:\boost\exception\exception.hpp(300): error C2143: syntax error: missing ';' before '{'
e:\boost\exception\exception.hpp(300): error C2447: '{': missing function header (old-style formal list?)
e:\boost\exception\exception.hpp(305): error C2332: 'class': missing tag name
e:\boost\exception\exception.hpp(305): error C2993: '': illegal type for non-type template parameter '<unnamed-tag>'
e:\boost\exception\exception.hpp(305): error C2059: syntax error: '/'
e:\boost\exception\exception.hpp(308): error C2143: syntax error: missing ';' before '{'
e:\boost\exception\exception.hpp(308): error C2447: '{': missing function header (old-style formal list?)
e:\boost\throw_exception.hpp(62): error C2332: 'class': missing tag name
e:\boost\throw_exception.hpp(62): error C2993: '': illegal type for non-type template parameter '<unnamed-tag>'
e:\boost\throw_exception.hpp(62): error C2059: syntax error: '/'
e:\boost\throw_exception.hpp(63): error C2143: syntax error: missing ';' before '{'
e:\boost\throw_exception.hpp(63): error C2447: '{': missing function header (old-style formal list?)
e:\boost\throw_exception.hpp(81): error C2332: 'class': missing tag name
e:\boost\throw_exception.hpp(81): error C2993: '': illegal type for non-type template parameter '<unnamed-tag>'
e:\boost\throw_exception.hpp(81): error C2059: syntax error: '/'
e:\boost\throw_exception.hpp(85): error C2143: syntax error: missing ';' before '{'
e:\boost\throw_exception.hpp(85): error C2447: '{': missing function header (old-style formal list?)
MSBUILD : error MSB4166: Child node "2" exited prematurely. Shutting down. Diagnostic information may be found in files in the temporary files directory named MSBuild_*.failure.txt.
