  trie.cpp
e:\stuffthatisprobablybreakingthelawbutidontcare\roblox source\base.unittest\trie.cpp(1): fatal error C1083: Cannot open include file: 'boost/test/unit_test.hpp': No such file or directory
  spin_mutex_test.cpp
e:\stuffthatisprobablybreakingthelawbutidontcare\roblox source\base.unittest\spin_mutex_test.cpp(1): fatal error C1083: Cannot open include file: 'boost/test/unit_test.hpp': No such file or directory
  signals.cpp
e:\stuffthatisprobablybreakingthelawbutidontcare\roblox source\base.unittest\signals.cpp(2): fatal error C1083: Cannot open include file: 'boost/test/unit_test.hpp': No such file or directory
  make_shared.cpp
e:\stuffthatisprobablybreakingthelawbutidontcare\roblox source\base.unittest\make_shared.cpp(1): fatal error C1083: Cannot open include file: 'boost/test/unit_test.hpp': No such file or directory
  intrusive_ptr.cpp
e:\stuffthatisprobablybreakingthelawbutidontcare\roblox source\base.unittest\intrusive_ptr.cpp(1): fatal error C1083: Cannot open include file: 'boost/test/unit_test.hpp': No such file or directory
  atomic.cpp
e:\stuffthatisprobablybreakingthelawbutidontcare\roblox source\base.unittest\atomic.cpp(1): fatal error C1083: Cannot open include file: 'boost/test/unit_test.hpp': No such file or directory
  Time.cpp
e:\stuffthatisprobablybreakingthelawbutidontcare\roblox source\base.unittest\time.cpp(1): fatal error C1083: Cannot open include file: 'boost/test/unit_test.hpp': No such file or directory
  TaskScheduler.cpp
e:\stuffthatisprobablybreakingthelawbutidontcare\roblox source\base.unittest\taskscheduler.cpp(1): fatal error C1083: Cannot open include file: 'boost/test/unit_test.hpp': No such file or directory
  Log.cpp
e:\stuffthatisprobablybreakingthelawbutidontcare\roblox source\base.unittest\log.cpp(1): fatal error C1083: Cannot open include file: 'boost/test/unit_test.hpp': No such file or directory
  DenseHashSet.cpp
e:\stuffthatisprobablybreakingthelawbutidontcare\roblox source\base\include\rbx\densehash.h(3): fatal error C1083: Cannot open include file: 'boost/functional/hash.hpp': No such file or directory
  Crypt.cpp
e:\stuffthatisprobablybreakingthelawbutidontcare\roblox source\base.unittest\crypt.cpp(1): fatal error C1083: Cannot open include file: 'boost/test/unit_test.hpp': No such file or directory
  CEvent.cpp
e:\stuffthatisprobablybreakingthelawbutidontcare\roblox source\base.unittest\cevent.cpp(1): fatal error C1083: Cannot open include file: 'boost/test/unit_test.hpp': No such file or directory
  Base.UnitTest.cpp
e:\stuffthatisprobablybreakingthelawbutidontcare\roblox source\base.unittest\base.unittest.cpp(5): fatal error C1083: Cannot open include file: 'boost/test/unit_test.hpp': No such file or directory
  Generating Code...
